<?xml version="1.0" encoding="UTF-8"?>
<testng-results skipped="0" failed="0" total="1" passed="1">
  <reporter-output>
  </reporter-output>
  <suite name="Default suite" duration-ms="251834" started-at="2017-03-22T12:25:29Z" finished-at="2017-03-22T12:29:41Z">
    <groups>
    </groups>
    <test name="Default test" duration-ms="251834" started-at="2017-03-22T12:25:29Z" finished-at="2017-03-22T12:29:41Z">
      <class name="testscripts.NavigationsTest">
        <test-method status="PASS" signature="startServer()[pri:0, instance:testscripts.NavigationsTest@7a1ebcd8]" name="startServer" is-config="true" duration-ms="50" started-at="2017-03-22T17:55:29Z" finished-at="2017-03-22T17:55:29Z">
          <reporter-output>
          </reporter-output>
        </test-method> <!-- startServer -->
        <test-method status="PASS" signature="launchApplication()[pri:0, instance:testscripts.NavigationsTest@7a1ebcd8]" name="launchApplication" is-config="true" duration-ms="14429" started-at="2017-03-22T17:55:29Z" finished-at="2017-03-22T17:55:43Z">
          <reporter-output>
          </reporter-output>
        </test-method> <!-- launchApplication -->
        <test-method status="PASS" signature="login()[pri:0, instance:testscripts.NavigationsTest@7a1ebcd8]" name="login" is-config="true" duration-ms="53906" started-at="2017-03-22T17:55:43Z" finished-at="2017-03-22T17:56:37Z">
          <reporter-output>
          </reporter-output>
        </test-method> <!-- login -->
        <test-method status="PASS" signature="navigationScreen()[pri:0, instance:testscripts.NavigationsTest@7a1ebcd8]" name="navigationScreen" duration-ms="180470" started-at="2017-03-22T17:56:37Z" finished-at="2017-03-22T17:59:38Z">
          <reporter-output>
          </reporter-output>
        </test-method> <!-- navigationScreen -->
        <test-method status="PASS" signature="result(org.testng.ITestResult)[pri:0, instance:testscripts.NavigationsTest@7a1ebcd8]" name="result" is-config="true" duration-ms="313" started-at="2017-03-22T17:59:38Z" finished-at="2017-03-22T17:59:38Z">
          <params>
            <param index="0">
              <value>
                <![CDATA[[TestResult name=navigationScreen status=SUCCESS method=NavigationsTest.navigationScreen()[pri:0, instance:testscripts.NavigationsTest@7a1ebcd8] output={null}]]]>
              </value>
            </param>
          </params>
          <reporter-output>
          </reporter-output>
        </test-method> <!-- result -->
        <test-method status="PASS" signature="teardown()[pri:0, instance:testscripts.NavigationsTest@7a1ebcd8]" name="teardown" is-config="true" duration-ms="2716" started-at="2017-03-22T17:59:38Z" finished-at="2017-03-22T17:59:41Z">
          <reporter-output>
          </reporter-output>
        </test-method> <!-- teardown -->
      </class> <!-- testscripts.NavigationsTest -->
    </test> <!-- Default test -->
  </suite> <!-- Default suite -->
</testng-results>
